# JRE version: OpenJDK Runtime Environment Temurin-17.0.2+8 (17.0.2+8) (build 17.0.2+8)
# Java VM: OpenJDK 64-Bit Server VM Temurin-17.0.2+8 (17.0.2+8, mixed mode, emulated-client, tiered, compressed oops, compressed class ptrs, g1 gc, windows-amd64)
GC Precious Log:
 CPUs: 8 total, 8 available
 Memory: 7914M
 Large Page Support: Disabled
 NUMA Support: Disabled
 Compressed Oops: Enabled (32-bit)
 Heap Region Size: 1M
 Heap Min Capacity: 8M
 Heap Initial Capacity: 124M
 Heap Max Capacity: 1980M
 Pre-touch: Disabled
 Parallel Workers: 8
 Concurrent Workers: 2
 Concurrent Refinement Workers: 8
 Periodic GC: Disabled
Heap:
 garbage-first heap   total 58368K, used 26056K [0x0000000084400000, 0x0000000100000000)
  region size 1024K, 10 young (10240K), 2 survivors (2048K)
 Metaspace       used 43188K, committed 43648K, reserved 1089536K
  class space    used 5572K, committed 5824K, reserved 1048576K
GC Heap History (20 events):
Event: 1.316 GC heap before
{Heap before GC invocations=1 (full 0):
 garbage-first heap   total 126976K, used 27477K [0x0000000084400000, 0x0000000100000000)
  region size 1024K, 25 young (25600K), 3 survivors (3072K)
 Metaspace       used 21259K, committed 21504K, reserved 1073152K
  class space    used 2370K, committed 2496K, reserved 1048576K
}
Event: 1.322 GC heap after
{Heap after GC invocations=2 (full 0):
 garbage-first heap   total 126976K, used 7757K [0x0000000084400000, 0x0000000100000000)
  region size 1024K, 2 young (2048K), 2 survivors (2048K)
 Metaspace       used 21259K, committed 21504K, reserved 1073152K
  class space    used 2370K, committed 2496K, reserved 1048576K
}
Event: 2.624 GC heap before
{Heap before GC invocations=3 (full 0):
 garbage-first heap   total 30720K, used 23117K [0x0000000084400000, 0x0000000100000000)
  region size 1024K, 18 young (18432K), 2 survivors (2048K)
 Metaspace       used 24758K, committed 25024K, reserved 1073152K
  class space    used 2860K, committed 2944K, reserved 1048576K
}
Event: 2.629 GC heap after
{Heap after GC invocations=4 (full 0):
 garbage-first heap   total 30720K, used 8622K [0x0000000084400000, 0x0000000100000000)
  region size 1024K, 3 young (3072K), 3 survivors (3072K)
 Metaspace       used 24758K, committed 25024K, reserved 1073152K
  class space    used 2860K, committed 2944K, reserved 1048576K
}
Event: 2.896 GC heap before
{Heap before GC invocations=4 (full 0):
 garbage-first heap   total 30720K, used 20910K [0x0000000084400000, 0x0000000100000000)
  region size 1024K, 16 young (16384K), 3 survivors (3072K)
 Metaspace       used 27639K, committed 27904K, reserved 1073152K
  class space    used 3305K, committed 3456K, reserved 1048576K
}
Event: 2.900 GC heap after
{Heap after GC invocations=5 (full 0):
 garbage-first heap   total 30720K, used 9361K [0x0000000084400000, 0x0000000100000000)
  region size 1024K, 2 young (2048K), 2 survivors (2048K)
 Metaspace       used 27639K, committed 27904K, reserved 1073152K
  class space    used 3305K, committed 3456K, reserved 1048576K
}
Event: 3.106 GC heap before
{Heap before GC invocations=5 (full 0):
 garbage-first heap   total 30720K, used 22673K [0x0000000084400000, 0x0000000100000000)
  region size 1024K, 15 young (15360K), 2 survivors (2048K)
 Metaspace       used 29013K, committed 29248K, reserved 1081344K
  class space    used 3488K, committed 3584K, reserved 1048576K
}
Event: 3.112 GC heap after
{Heap after GC invocations=6 (full 0):
 garbage-first heap   total 30720K, used 10699K [0x0000000084400000, 0x0000000100000000)
  region size 1024K, 2 young (2048K), 2 survivors (2048K)
 Metaspace       used 29013K, committed 29248K, reserved 1081344K
  class space    used 3488K, committed 3584K, reserved 1048576K
}
Event: 3.351 GC heap before
{Heap before GC invocations=6 (full 0):
 garbage-first heap   total 30720K, used 22987K [0x0000000084400000, 0x0000000100000000)
  region size 1024K, 14 young (14336K), 2 survivors (2048K)
 Metaspace       used 29393K, committed 29632K, reserved 1081344K
  class space    used 3551K, committed 3648K, reserved 1048576K
}
Event: 3.357 GC heap after
{Heap after GC invocations=7 (full 0):
 garbage-first heap   total 30720K, used 11793K [0x0000000084400000, 0x0000000100000000)
  region size 1024K, 1 young (1024K), 1 survivors (1024K)
 Metaspace       used 29393K, committed 29632K, reserved 1081344K
  class space    used 3551K, committed 3648K, reserved 1048576K
}
Event: 3.593 GC heap before
{Heap before GC invocations=7 (full 0):
 garbage-first heap   total 30720K, used 23057K [0x0000000084400000, 0x0000000100000000)
  region size 1024K, 12 young (12288K), 1 survivors (1024K)
 Metaspace       used 30638K, committed 30912K, reserved 1081344K
  class space    used 3738K, committed 3840K, reserved 1048576K
}
Event: 3.603 GC heap after
{Heap after GC invocations=8 (full 0):
 garbage-first heap   total 30720K, used 12516K [0x0000000084400000, 0x0000000100000000)
  region size 1024K, 2 young (2048K), 2 survivors (2048K)
 Metaspace       used 30638K, committed 30912K, reserved 1081344K
  class space    used 3738K, committed 3840K, reserved 1048576K
}
Event: 3.862 GC heap before
{Heap before GC invocations=8 (full 0):
 garbage-first heap   total 30720K, used 23780K [0x0000000084400000, 0x0000000100000000)
  region size 1024K, 13 young (13312K), 2 survivors (2048K)
 Metaspace       used 32012K, committed 32320K, reserved 1081344K
  class space    used 3951K, committed 4096K, reserved 1048576K
}
Event: 3.866 GC heap after
{Heap after GC invocations=9 (full 0):
 garbage-first heap   total 78848K, used 13614K [0x0000000084400000, 0x0000000100000000)
  region size 1024K, 2 young (2048K), 2 survivors (2048K)
 Metaspace       used 32012K, committed 32320K, reserved 1081344K
  class space    used 3951K, committed 4096K, reserved 1048576K
}
Event: 4.292 GC heap before
{Heap before GC invocations=9 (full 0):
 garbage-first heap   total 78848K, used 38190K [0x0000000084400000, 0x0000000100000000)
  region size 1024K, 26 young (26624K), 2 survivors (2048K)
 Metaspace       used 35685K, committed 35968K, reserved 1081344K
  class space    used 4430K, committed 4544K, reserved 1048576K
}
Event: 4.303 GC heap after
{Heap after GC invocations=10 (full 0):
 garbage-first heap   total 78848K, used 15403K [0x0000000084400000, 0x0000000100000000)
  region size 1024K, 4 young (4096K), 4 survivors (4096K)
 Metaspace       used 35685K, committed 35968K, reserved 1081344K
  class space    used 4430K, committed 4544K, reserved 1048576K
}
Event: 4.995 GC heap before
{Heap before GC invocations=11 (full 0):
 garbage-first heap   total 58368K, used 47147K [0x0000000084400000, 0x0000000100000000)
  region size 1024K, 34 young (34816K), 4 survivors (4096K)
 Metaspace       used 39557K, committed 39936K, reserved 1089536K
  class space    used 5044K, committed 5184K, reserved 1048576K
}
Event: 4.999 GC heap after
{Heap after GC invocations=12 (full 0):
 garbage-first heap   total 58368K, used 18376K [0x0000000084400000, 0x0000000100000000)
  region size 1024K, 5 young (5120K), 5 survivors (5120K)
 Metaspace       used 39557K, committed 39936K, reserved 1089536K
  class space    used 5044K, committed 5184K, reserved 1048576K
}
Event: 5.800 GC heap before
{Heap before GC invocations=12 (full 0):
 garbage-first heap   total 58368K, used 42952K [0x0000000084400000, 0x0000000100000000)
  region size 1024K, 29 young (29696K), 5 survivors (5120K)
 Metaspace       used 41796K, committed 42176K, reserved 1089536K
  class space    used 5408K, committed 5568K, reserved 1048576K
}
Event: 5.805 GC heap after
{Heap after GC invocations=13 (full 0):
 garbage-first heap   total 58368K, used 19912K [0x0000000084400000, 0x0000000100000000)
  region size 1024K, 2 young (2048K), 2 survivors (2048K)
 Metaspace       used 41796K, committed 42176K, reserved 1089536K
  class space    used 5408K, committed 5568K, reserved 1048576K
}

